[debug] [2024-07-11T14:06:13.369Z] ----------------------------------------------------------------------
[debug] [2024-07-11T14:06:13.377Z] Command:       C:\Program Files\nodejs\node.exe C:\Users\marce\AppData\Roaming\npm\node_modules\firebase-tools\lib\bin\firebase.js init
[debug] [2024-07-11T14:06:13.377Z] CLI Version:   13.13.1
[debug] [2024-07-11T14:06:13.378Z] Platform:      win32
[debug] [2024-07-11T14:06:13.378Z] Node Version:  v20.11.0
[debug] [2024-07-11T14:06:13.378Z] Time:          Thu Jul 11 2024 17:06:13 GMT+0300 (heure normale d’Afrique de l’Est)
[debug] [2024-07-11T14:06:13.379Z] ----------------------------------------------------------------------
[debug] 
[debug] [2024-07-11T14:06:13.396Z] > command requires scopes: ["email","openid","https://www.googleapis.com/auth/cloudplatformprojects.readonly","https://www.googleapis.com/auth/firebase","https://www.googleapis.com/auth/cloud-platform"]
[debug] [2024-07-11T14:06:13.397Z] > authorizing via signed-in user (marcelhenribryan@gmail.com)
[info] 
     ######## #### ########  ######## ########     ###     ######  ########
     ##        ##  ##     ## ##       ##     ##  ##   ##  ##       ##
     ######    ##  ########  ######   ########  #########  ######  ######
     ##        ##  ##    ##  ##       ##     ## ##     ##       ## ##
     ##       #### ##     ## ######## ########  ##     ##  ######  ########

You're about to initialize a Firebase project in this directory:

  D:\ProjetPerso\questionsai

[info] 
=== Project Setup
[info] 
[info] First, let's associate this project directory with a Firebase project.
[info] You can create multiple project aliases by running firebase use --add, 
[info] but for now we'll just set up a default project.
[info] 
